{ "time": "2020-10-18 15:29:41.0345", "level": "Debug", "thread": "1", "callsite": "LewisFam.Desktop.Modules.Stocks.ViewModels.OptionWatchlistItemsViewModel..ctor", "eventProperties": "{  }" }
{ "time": "2020-10-18 15:29:41.2942", "level": "Debug", "thread": "1", "callsite": "LewisFam.Desktop.Modules.Stocks.ViewModels.OptionWatchlistItemsViewModel.LoadOptionWatchlist", "eventProperties": "{  }" }
{ "time": "2020-10-18 15:30:47.9823", "level": "Debug", "thread": "1", "callsite": "LewisFam.Desktop.Modules.Stocks.ViewModels.OptionWatchlistItemsViewModel..ctor", "eventProperties": "{  }" }
{ "time": "2020-10-18 15:30:48.0296", "level": "Debug", "thread": "1", "callsite": "LewisFam.Desktop.Modules.Stocks.ViewModels.OptionWatchlistItemsViewModel.LoadOptionWatchlist", "eventProperties": "{  }" }
{ "time": "2020-10-18 15:43:53.1749", "level": "Debug", "thread": "1", "callsite": "LewisFam.Desktop.Modules.Stocks.ViewModels.OptionWatchlistItemsViewModel..ctor", "eventProperties": "{  }" }
{ "time": "2020-10-18 15:43:53.2249", "level": "Debug", "thread": "1", "callsite": "LewisFam.Desktop.Modules.Stocks.ViewModels.OptionWatchlistItemsViewModel.LoadOptionWatchlist", "eventProperties": "{  }" }
{ "time": "2020-10-18 15:47:40.0038", "level": "Debug", "thread": "1", "callsite": "LewisFam.Desktop.Modules.Stocks.ViewModels.OptionWatchlistItemsViewModel..ctor", "eventProperties": "{  }" }
{ "time": "2020-10-18 15:47:40.0525", "level": "Debug", "thread": "1", "callsite": "LewisFam.Desktop.Modules.Stocks.ViewModels.OptionWatchlistItemsViewModel.LoadOptionWatchlist", "eventProperties": "{  }" }
{ "time": "2020-10-18 16:12:24.9397", "level": "Debug", "thread": "1", "callsite": "LewisFam.Desktop.Modules.Stocks.ViewModels.StockOptionsViewModel.LoadOptionWatchlist", "eventProperties": "{  }" }
{ "time": "2020-10-18 16:12:31.1258", "level": "Debug", "thread": "1", "callsite": "LewisFam.Desktop.Modules.Stocks.ViewModels.StockOptionsViewModel.LoadOptionWatchlist", "eventProperties": "{  }" }
{ "time": "2020-10-18 16:15:03.4864", "level": "Debug", "thread": "1", "callsite": "LewisFam.Desktop.Modules.Stocks.ViewModels.OptionWatchlistItemsViewModel..ctor", "eventProperties": "{  }" }
{ "time": "2020-10-18 16:15:03.5327", "level": "Debug", "thread": "1", "callsite": "LewisFam.Desktop.Modules.Stocks.ViewModels.OptionWatchlistItemsViewModel.LoadOptionWatchlist", "eventProperties": "{  }" }
{ "time": "2020-10-18 16:15:13.5912", "level": "Debug", "thread": "1", "callsite": "LewisFam.Desktop.Modules.Stocks.ViewModels.StockOptionsViewModel.LoadOptionWatchlist", "eventProperties": "{  }" }
{ "time": "2020-10-18 16:15:26.8189", "level": "Debug", "thread": "1", "callsite": "LewisFam.Desktop.Modules.Stocks.ViewModels.StockOptionsViewModel.LoadOptionWatchlist", "eventProperties": "{  }" }
{ "time": "2020-10-18 16:18:50.0680", "level": "Debug", "thread": "1", "callsite": "LewisFam.Desktop.Modules.Stocks.ViewModels.StockOptionsViewModel.LoadOptionWatchlist", "eventProperties": "{  }" }
{ "time": "2020-10-18 16:26:22.4639", "level": "Debug", "thread": "1", "callsite": "LewisFam.Desktop.Modules.Stocks.ViewModels.StockOptionsViewModel.LoadOptionWatchlist", "message": " LocalApplicationData", "eventProperties": "{  }" }
{ "time": "2020-10-18 16:26:52.2796", "level": "Debug", "thread": "1", "callsite": "LewisFam.Desktop.Modules.Stocks.ViewModels.StockOptionsViewModel.LoadOptionWatchlist", "message": " LocalApplicationData", "eventProperties": "{  }" }
{ "time": "2020-10-18 16:27:39.7188", "level": "Debug", "thread": "1", "callsite": "LewisFam.Desktop.Modules.Stocks.ViewModels.StockOptionsViewModel.LoadOptionWatchlist", "message": " C:\\Users\\Daddy\\AppData\\Local", "eventProperties": "{  }" }
{ "time": "2020-10-18 16:40:42.7667", "level": "Debug", "thread": "1", "callsite": "LewisFam.Desktop.Modules.Stocks.ViewModels.StockOptionsViewModel.LoadOptionWatchlist", "message": " C:\\Users\\Daddy\\AppData\\Local", "eventProperties": "{  }" }
{ "time": "2020-10-18 16:55:39.5708", "level": "Debug", "thread": "1", "callsite": "LewisFam.Desktop.Modules.Stocks.ViewModels.StockOptionsViewModel.LoadOptionWatchlist", "message": " C:\\Users\\Daddy\\AppData\\Local", "eventProperties": "{  }" }
{ "time": "2020-10-18 16:56:16.0956", "level": "Debug", "thread": "1", "callsite": "LewisFam.Desktop.Modules.Stocks.ViewModels.StockOptionsViewModel.LoadOptionWatchlist", "message": " C:\\Users\\Daddy\\AppData\\Local", "eventProperties": "{  }" }
{ "time": "2020-10-18 16:57:56.3380", "level": "Debug", "thread": "1", "callsite": "LewisFam.Desktop.Modules.Stocks.ViewModels.StockOptionsViewModel.LoadOptionWatchlist", "message": " C:\\Users\\Daddy\\AppData\\Local", "eventProperties": "{  }" }
{ "time": "2020-10-18 16:59:58.5854", "level": "Debug", "thread": "1", "callsite": "LewisFam.Desktop.Modules.Stocks.ViewModels.StockOptionsViewModel.LoadOptionWatchlist", "message": " C:\\Users\\Daddy\\AppData\\Local", "eventProperties": "{  }" }
{ "time": "2020-10-18 17:02:54.6580", "level": "Debug", "thread": "1", "callsite": "LewisFam.Desktop.Modules.Stocks.ViewModels.StockOptionsViewModel.LoadOptionWatchlist", "message": " C:\\Users\\Daddy\\AppData\\Local", "eventProperties": "{  }" }
{ "time": "2020-10-18 17:04:29.5305", "level": "Debug", "thread": "1", "callsite": "LewisFam.Desktop.Modules.Stocks.ViewModels.StockOptionsViewModel.LoadOptionWatchlist", "message": " C:\\Users\\Daddy\\AppData\\Local", "eventProperties": "{  }" }
{ "time": "2020-10-18 17:08:01.6554", "level": "Debug", "thread": "1", "callsite": "LewisFam.Desktop.Modules.Stocks.ViewModels.StockOptionsViewModel.LoadOptionWatchlist", "message": " C:\\Users\\Daddy\\AppData\\Local", "eventProperties": "{  }" }
{ "time": "2020-10-18 17:15:32.0206", "level": "Debug", "thread": "1", "callsite": "LewisFam.Desktop.Modules.Stocks.ViewModels.WatchlistViewModel..ctor", "eventProperties": "{  }" }
{ "time": "2020-10-18 17:44:22.6932", "level": "Debug", "thread": "1", "callsite": "LewisFam.Desktop.Modules.Stocks.ViewModels.StockOptionsHistoryViewModel..ctor", "eventProperties": "{  }" }
{ "time": "2020-10-18 17:46:24.6534", "level": "Debug", "thread": "1", "callsite": "LewisFam.Desktop.Modules.Stocks.ViewModels.StockOptionsHistoryViewModel..ctor", "eventProperties": "{  }" }
{ "time": "2020-10-18 17:46:24.7056", "level": "Debug", "thread": "1", "callsite": "LewisFam.Desktop.Modules.Stocks.ViewModels.StockOptionsHistoryViewModel.LoadOptionWatchlist", "eventProperties": "{  }" }
{ "time": "2020-10-18 17:47:00.9859", "level": "Debug", "thread": "1", "callsite": "LewisFam.Desktop.Modules.Stocks.ViewModels.StockOptionsHistoryViewModel..ctor", "eventProperties": "{  }" }
{ "time": "2020-10-18 17:47:01.0383", "level": "Debug", "thread": "1", "callsite": "LewisFam.Desktop.Modules.Stocks.ViewModels.StockOptionsHistoryViewModel.LoadOptionWatchlist", "eventProperties": "{  }" }
{ "time": "2020-10-18 17:48:53.1281", "level": "Debug", "thread": "1", "callsite": "LewisFam.Desktop.Modules.Stocks.ViewModels.StockOptionsHistoryViewModel..ctor", "eventProperties": "{  }" }
{ "time": "2020-10-18 17:48:53.1772", "level": "Debug", "thread": "1", "callsite": "LewisFam.Desktop.Modules.Stocks.ViewModels.StockOptionsHistoryViewModel.LoadOptionWatchlist", "eventProperties": "{  }" }
{ "time": "2020-10-18 17:50:57.2027", "level": "Debug", "thread": "1", "callsite": "LewisFam.Desktop.Modules.Stocks.ViewModels.StockOptionsHistoryViewModel..ctor", "eventProperties": "{  }" }
{ "time": "2020-10-18 17:50:57.2498", "level": "Debug", "thread": "1", "callsite": "LewisFam.Desktop.Modules.Stocks.ViewModels.StockOptionsHistoryViewModel.LoadOptionWatchlist", "eventProperties": "{  }" }
{ "time": "2020-10-18 17:52:40.3066", "level": "Debug", "thread": "1", "callsite": "LewisFam.Desktop.Modules.Stocks.ViewModels.StockOptionsHistoryViewModel..ctor", "eventProperties": "{  }" }
{ "time": "2020-10-18 17:52:40.3574", "level": "Debug", "thread": "1", "callsite": "LewisFam.Desktop.Modules.Stocks.ViewModels.StockOptionsHistoryViewModel.LoadOptionWatchlist", "eventProperties": "{  }" }
{ "time": "2020-10-18 17:53:15.5243", "level": "Debug", "thread": "1", "callsite": "LewisFam.Desktop.Modules.Stocks.ViewModels.StockOptionsHistoryViewModel..ctor", "eventProperties": "{  }" }
{ "time": "2020-10-18 17:53:15.5712", "level": "Debug", "thread": "1", "callsite": "LewisFam.Desktop.Modules.Stocks.ViewModels.StockOptionsHistoryViewModel.LoadOptionWatchlist", "eventProperties": "{  }" }
{ "time": "2020-10-18 17:58:04.5144", "level": "Debug", "thread": "1", "callsite": "LewisFam.Desktop.Modules.Stocks.ViewModels.StockOptionsHistoryViewModel..ctor", "eventProperties": "{  }" }
{ "time": "2020-10-18 17:58:04.5610", "level": "Debug", "thread": "1", "callsite": "LewisFam.Desktop.Modules.Stocks.ViewModels.StockOptionsHistoryViewModel.LoadOptionWatchlist", "eventProperties": "{  }" }
{ "time": "2020-10-18 18:08:04.0792", "level": "Debug", "thread": "1", "callsite": "LewisFam.Desktop.Modules.Stocks.ViewModels.StockOptionsHistoryViewModel..ctor", "eventProperties": "{  }" }
{ "time": "2020-10-18 18:08:04.1244", "level": "Debug", "thread": "1", "callsite": "LewisFam.Desktop.Modules.Stocks.ViewModels.StockOptionsHistoryViewModel.LoadOptionWatchlist", "eventProperties": "{  }" }
{ "time": "2020-10-18 18:11:39.6427", "level": "Debug", "thread": "1", "callsite": "LewisFam.Desktop.Modules.Stocks.ViewModels.StockOptionsHistoryViewModel..ctor", "eventProperties": "{  }" }
{ "time": "2020-10-18 18:11:39.6917", "level": "Debug", "thread": "1", "callsite": "LewisFam.Desktop.Modules.Stocks.ViewModels.StockOptionsHistoryViewModel.LoadOptionWatchlist", "eventProperties": "{  }" }
{ "time": "2020-10-18 18:12:35.2914", "level": "Debug", "thread": "1", "callsite": "LewisFam.Desktop.Modules.Stocks.ViewModels.StockOptionsHistoryViewModel..ctor", "eventProperties": "{  }" }
{ "time": "2020-10-18 18:12:35.3398", "level": "Debug", "thread": "1", "callsite": "LewisFam.Desktop.Modules.Stocks.ViewModels.StockOptionsHistoryViewModel.LoadOptionWatchlist", "eventProperties": "{  }" }
{ "time": "2020-10-18 18:15:03.9149", "level": "Debug", "thread": "1", "callsite": "LewisFam.Desktop.Modules.Stocks.ViewModels.StockOptionsHistoryViewModel..ctor", "eventProperties": "{  }" }
{ "time": "2020-10-18 18:15:03.9632", "level": "Debug", "thread": "1", "callsite": "LewisFam.Desktop.Modules.Stocks.ViewModels.StockOptionsHistoryViewModel.LoadOptionWatchlist", "eventProperties": "{  }" }
{ "time": "2020-10-18 18:17:41.7930", "level": "Debug", "thread": "1", "callsite": "LewisFam.Desktop.Modules.Stocks.ViewModels.StockOptionsHistoryViewModel..ctor", "eventProperties": "{  }" }
{ "time": "2020-10-18 18:17:41.8416", "level": "Debug", "thread": "1", "callsite": "LewisFam.Desktop.Modules.Stocks.ViewModels.StockOptionsHistoryViewModel.LoadOptionWatchlist", "eventProperties": "{  }" }
{ "time": "2020-10-18 18:19:43.2143", "level": "Debug", "thread": "1", "callsite": "LewisFam.Desktop.Modules.Stocks.ViewModels.StockOptionsHistoryViewModel..ctor", "eventProperties": "{  }" }
{ "time": "2020-10-18 18:19:43.2602", "level": "Debug", "thread": "1", "callsite": "LewisFam.Desktop.Modules.Stocks.ViewModels.StockOptionsHistoryViewModel.LoadOptionWatchlist", "eventProperties": "{  }" }
{ "time": "2020-10-18 18:24:08.3351", "level": "Debug", "thread": "1", "callsite": "LewisFam.Desktop.Modules.Stocks.ViewModels.StockOptionsHistoryViewModel..ctor", "eventProperties": "{  }" }
{ "time": "2020-10-18 18:24:08.3868", "level": "Debug", "thread": "1", "callsite": "LewisFam.Desktop.Modules.Stocks.ViewModels.StockOptionsHistoryViewModel.LoadOptionWatchlist", "eventProperties": "{  }" }
{ "time": "2020-10-18 18:26:47.3514", "level": "Debug", "thread": "1", "callsite": "LewisFam.Desktop.Modules.Stocks.ViewModels.StockOptionsHistoryViewModel..ctor", "eventProperties": "{  }" }
{ "time": "2020-10-18 18:26:47.3975", "level": "Debug", "thread": "1", "callsite": "LewisFam.Desktop.Modules.Stocks.ViewModels.StockOptionsHistoryViewModel.LoadOptionWatchlist", "eventProperties": "{  }" }
{ "time": "2020-10-18 18:31:35.2188", "level": "Debug", "thread": "1", "callsite": "LewisFam.Desktop.Modules.Stocks.ViewModels.StockOptionsHistoryViewModel..ctor", "eventProperties": "{  }" }
{ "time": "2020-10-18 18:31:35.2668", "level": "Debug", "thread": "1", "callsite": "LewisFam.Desktop.Modules.Stocks.ViewModels.StockOptionsHistoryViewModel.LoadOptionWatchlist", "eventProperties": "{  }" }
{ "time": "2020-10-18 18:31:51.2521", "level": "Debug", "thread": "1", "callsite": "LewisFam.Desktop.Modules.Stocks.ViewModels.StockOptionsHistoryViewModel.OnNavigatedFrom", "message": "133192936", "eventProperties": "{  }" }
{ "time": "2020-10-18 18:31:51.3477", "level": "Debug", "thread": "1", "callsite": "LewisFam.Desktop.Modules.Stocks.ViewModels.StockOptionsHistoryViewModel.OnNavigatedFrom", "message": "131963392", "eventProperties": "{  }" }
{ "time": "2020-10-18 18:33:00.6887", "level": "Debug", "thread": "1", "callsite": "LewisFam.Desktop.Modules.Stocks.ViewModels.StockOptionsHistoryViewModel.OnNavigatedFrom", "message": "133183440", "eventProperties": "{  }" }
{ "time": "2020-10-18 18:33:00.8092", "level": "Debug", "thread": "1", "callsite": "LewisFam.Desktop.Modules.Stocks.ViewModels.StockOptionsHistoryViewModel.OnNavigatedFrom", "message": "132068904", "eventProperties": "{  }" }
{ "time": "2020-10-18 18:36:51.8204", "level": "Debug", "thread": "1", "callsite": "LewisFam.Desktop.Modules.Stocks.ViewModels.StockOptionsHistoryViewModel..ctor", "eventProperties": "{  }" }
{ "time": "2020-10-18 18:36:51.8670", "level": "Debug", "thread": "1", "callsite": "LewisFam.Desktop.Modules.Stocks.ViewModels.StockOptionsHistoryViewModel.LoadOptionWatchlist", "eventProperties": "{  }" }
{ "time": "2020-10-18 18:57:32.4762", "level": "Debug", "thread": "1", "callsite": "LewisFam.Desktop.Modules.Stocks.ViewModels.StockOptionsHistoryViewModel..ctor", "eventProperties": "{  }" }
{ "time": "2020-10-18 18:57:32.5231", "level": "Debug", "thread": "1", "callsite": "LewisFam.Desktop.Modules.Stocks.ViewModels.StockOptionsHistoryViewModel.LoadOptionWatchlist", "eventProperties": "{  }" }
{ "time": "2020-10-18 18:59:35.3025", "level": "Debug", "thread": "1", "callsite": "LewisFam.Desktop.Modules.Stocks.ViewModels.StockOptionsHistoryViewModel..ctor", "eventProperties": "{  }" }
{ "time": "2020-10-18 18:59:35.3506", "level": "Debug", "thread": "1", "callsite": "LewisFam.Desktop.Modules.Stocks.ViewModels.StockOptionsHistoryViewModel.LoadOptionWatchlist", "eventProperties": "{  }" }
{ "time": "2020-10-18 19:27:52.4119", "level": "Info", "thread": "1", "callsite": "LewisFam.Desktop.Modules.Stocks.StocksModule..ctor", "message": "testing", "eventProperties": "{  }" }
{ "time": "2020-10-18 19:28:39.4029", "level": "Info", "thread": "1", "callsite": "LewisFam.Desktop.Modules.Stocks.StocksModule..ctor", "message": "testing", "eventProperties": "{  }" }
{ "time": "2020-10-18 19:38:44.6965", "level": "Info", "thread": "1", "callsite": "LewisFam.Desktop.Modules.Stocks.StocksModule..ctor", "message": "testing", "eventProperties": "{  }" }
{ "time": "2020-10-18 19:42:01.4808", "level": "Info", "thread": "1", "callsite": "LewisFam.Desktop.Modules.Stocks.StocksModule..ctor", "message": "testing", "eventProperties": "{  }" }
{ "time": "2020-10-18 19:45:10.5281", "level": "Info", "thread": "1", "callsite": "LewisFam.Desktop.Modules.Stocks.StocksModule..ctor", "message": "testing", "eventProperties": "{  }" }
{ "time": "2020-10-18 19:46:39.0680", "level": "Info", "thread": "1", "callsite": "LewisFam.Desktop.Modules.Stocks.StocksModule..ctor", "message": "testing", "eventProperties": "{  }" }
{ "time": "2020-10-18 19:46:47.7204", "level": "Debug", "thread": "4", "callsite": "LewisFam.Desktop.Modules.Stocks.ViewModels.StockOptionsHistoryViewModel.<OnFindHistory>b__19_0", "eventProperties": "{  }" }
{ "time": "2020-10-18 19:56:22.9392", "level": "Info", "thread": "1", "callsite": "LewisFam.Desktop.Modules.Stocks.StocksModule..ctor", "message": "testing", "eventProperties": "{  }" }
{ "time": "2020-10-18 19:56:30.4498", "level": "Debug", "thread": "4", "callsite": "LewisFam.Desktop.Modules.Stocks.ViewModels.StockOptionsHistoryViewModel.<OnFindHistory>b__19_0", "eventProperties": "{  }" }
{ "time": "2020-10-18 19:57:51.0026", "level": "Info", "thread": "1", "callsite": "LewisFam.Desktop.Modules.Stocks.StocksModule..ctor", "message": "testing", "eventProperties": "{  }" }
{ "time": "2020-10-18 19:57:58.5768", "level": "Debug", "thread": "12", "callsite": "LewisFam.Desktop.Modules.Stocks.ViewModels.StockOptionsHistoryViewModel.<OnFindHistory>b__19_0", "eventProperties": "{  }" }
{ "time": "2020-10-18 19:59:39.4222", "level": "Info", "thread": "1", "callsite": "LewisFam.Desktop.Modules.Stocks.StocksModule..ctor", "message": "testing", "eventProperties": "{  }" }
{ "time": "2020-10-18 19:59:50.9350", "level": "Debug", "thread": "4", "callsite": "LewisFam.Desktop.Modules.Stocks.ViewModels.StockOptionsHistoryViewModel.<OnFindHistory>b__19_0", "eventProperties": "{  }" }
{ "time": "2020-10-18 20:00:31.3116", "level": "Debug", "thread": "12", "callsite": "LewisFam.Desktop.Modules.Stocks.ViewModels.StockOptionsHistoryViewModel.<OnFindHistory>b__19_0", "eventProperties": "{  }" }
{ "time": "2020-10-18 20:02:32.4027", "level": "Info", "thread": "1", "callsite": "LewisFam.Desktop.Modules.Stocks.StocksModule..ctor", "message": "testing", "eventProperties": "{  }" }
{ "time": "2020-10-18 20:02:41.0757", "level": "Debug", "thread": "14", "callsite": "LewisFam.Desktop.Modules.Stocks.ViewModels.StockOptionsHistoryViewModel.<OnFindHistory>b__19_0", "eventProperties": "{  }" }
{ "time": "2020-10-18 20:02:49.0800", "level": "Debug", "thread": "5", "callsite": "LewisFam.Desktop.Modules.Stocks.ViewModels.StockOptionsHistoryViewModel.<OnFindHistory>b__19_0", "eventProperties": "{  }" }
{ "time": "2020-10-18 20:02:58.8902", "level": "Debug", "thread": "4", "callsite": "LewisFam.Desktop.Modules.Stocks.ViewModels.StockOptionsHistoryViewModel.<OnFindHistory>b__19_0", "eventProperties": "{  }" }
{ "time": "2020-10-18 20:04:16.7179", "level": "Info", "thread": "1", "callsite": "LewisFam.Desktop.Modules.Stocks.StocksModule..ctor", "message": "testing", "eventProperties": "{  }" }
{ "time": "2020-10-18 20:04:26.5861", "level": "Debug", "thread": "11", "callsite": "LewisFam.Desktop.Modules.Stocks.ViewModels.StockOptionsHistoryViewModel.<OnFindHistory>b__19_0", "eventProperties": "{  }" }
{ "time": "2020-10-18 20:05:07.7463", "level": "Debug", "thread": "4", "callsite": "LewisFam.Desktop.Modules.Stocks.ViewModels.StockOptionsHistoryViewModel.<OnFindHistory>b__19_0", "eventProperties": "{  }" }
{ "time": "2020-10-18 20:05:15.8566", "level": "Debug", "thread": "13", "callsite": "LewisFam.Desktop.Modules.Stocks.ViewModels.StockOptionsHistoryViewModel.<OnFindHistory>b__19_0", "eventProperties": "{  }" }
{ "time": "2020-10-18 20:07:05.8869", "level": "Info", "thread": "1", "callsite": "LewisFam.Desktop.Modules.Stocks.StocksModule..ctor", "message": "testing", "eventProperties": "{  }" }
{ "time": "2020-10-18 20:07:15.3699", "level": "Debug", "thread": "4", "callsite": "LewisFam.Desktop.Modules.Stocks.ViewModels.StockOptionsHistoryViewModel.<OnFindHistory>b__19_0", "eventProperties": "{  }" }
{ "time": "2020-10-18 20:07:35.1702", "level": "Debug", "thread": "14", "callsite": "LewisFam.Desktop.Modules.Stocks.ViewModels.StockOptionsHistoryViewModel.<OnFindHistory>b__19_0", "eventProperties": "{  }" }
{ "time": "2020-10-18 20:07:42.8741", "level": "Debug", "thread": "13", "callsite": "LewisFam.Desktop.Modules.Stocks.ViewModels.StockOptionsHistoryViewModel.<OnFindHistory>b__19_0", "eventProperties": "{  }" }
{ "time": "2020-10-18 21:52:14.6999", "level": "Info", "thread": "1", "callsite": "LewisFam.Desktop.Modules.Stocks.StocksModule..ctor", "message": "testing", "eventProperties": "{  }" }
{ "time": "2020-10-18 22:25:32.2187", "level": "Info", "thread": "1", "callsite": "LewisFam.Desktop.Modules.Stocks.StocksModule..ctor", "message": "testing", "eventProperties": "{  }" }
{ "time": "2020-10-18 23:04:49.4944", "level": "Info", "thread": "1", "callsite": "LewisFam.Desktop.Modules.Stocks.StocksModule..ctor", "message": "testing", "eventProperties": "{  }" }
{ "time": "2020-10-18 23:07:57.5939", "level": "Info", "thread": "1", "callsite": "LewisFam.Desktop.Modules.Stocks.StocksModule..ctor", "message": "testing", "eventProperties": "{  }" }
{ "time": "2020-10-18 23:10:02.3033", "level": "Info", "thread": "1", "callsite": "LewisFam.Desktop.Modules.Stocks.StocksModule..ctor", "message": "testing", "eventProperties": "{  }" }
{ "time": "2020-10-18 23:16:13.5377", "level": "Debug", "thread": "25", "callsite": "LewisFam.Desktop.Modules.Stocks.ViewModels.StockOptionsHistoryViewModel.<OnFindHistory>b__18_0", "eventProperties": "{  }" }
{ "time": "2020-10-18 23:20:06.5046", "level": "Info", "thread": "1", "callsite": "LewisFam.Desktop.Modules.Stocks.StocksModule..ctor", "message": "testing", "eventProperties": "{  }" }
{ "time": "2020-10-18 23:20:15.7991", "level": "Debug", "thread": "13", "callsite": "LewisFam.Desktop.Modules.Stocks.ViewModels.StockOptionsHistoryViewModel.<OnFindHistory>b__18_0", "eventProperties": "{  }" }
{ "time": "2020-10-18 23:21:04.3441", "level": "Debug", "thread": "16", "callsite": "LewisFam.Desktop.Modules.Stocks.ViewModels.StockOptionsHistoryViewModel.<OnFindHistory>b__18_0", "eventProperties": "{  }" }
